<?xml version="1.0" encoding="UTF-8"?>
<!-- Generated by org.testng.reporters.JUnitReportReporter -->
<testsuite hostname="Hemlins-MacBook-Pro.local" failures="0" tests="4" name="tests.HomePageTesting" time="42.018" errors="0" timestamp="2023-04-24T02:09:57 EDT" skipped="0">
  <testcase classname="tests.HomePageTesting" name="verifyHomePageTitleTest" time="8.715"/>
  <system-out/>
  <testcase classname="tests.HomePageTesting" name="addressBoxTest" time="9.612"/>
  <system-out/>
  <testcase classname="tests.HomePageTesting" name="verifyUserNameTest" time="9.736"/>
  <system-out/>
  <testcase classname="tests.HomePageTesting" name="selectAddressHomePageTest" time="13.955"/>
  <system-out/>
</testsuite> <!-- tests.HomePageTesting -->
