<?xml version="1.0" encoding="UTF-8"?>
<!-- Generated by org.testng.reporters.JUnitReportReporter -->
<testsuite hostname="Hemlins-MacBook-Pro.local" failures="0" tests="4" name="tests.LoginLogOutTesting" time="32.188" errors="0" timestamp="2023-04-24T02:09:57 EDT" skipped="0">
  <testcase classname="tests.LoginLogOutTesting" name="loginPageTitleTest" time="4.883"/>
  <system-out/>
  <testcase classname="tests.LoginLogOutTesting" name="logoDisplayedTest" time="7.152"/>
  <system-out/>
  <testcase classname="tests.LoginLogOutTesting" name="sucessfulLoginTest" time="9.114"/>
  <system-out/>
  <testcase classname="tests.LoginLogOutTesting" name="LogOutTest" time="11.039"/>
  <system-out/>
</testsuite> <!-- tests.LoginLogOutTesting -->
